<?xml version="1.0" encoding="UTF-8"?>
<!-- Generated by org.testng.reporters.JUnitReportReporter -->
<testsuite hostname="DESKTOP-ROILG6T" failures="0" tests="10" name="com.jwt.springjwt.SpringjwtserverApplicationTests" time="7.127" errors="0" timestamp="2023-09-13T12:18:36 IST" skipped="0">
  <testcase classname="com.jwt.springjwt.SpringjwtserverApplicationTests" name="register" time="3.983"/>
  <system-out/>
  <testcase classname="com.jwt.springjwt.SpringjwtserverApplicationTests" name="registerAgainWithSameid" time="0.287"/>
  <system-out/>
  <testcase classname="com.jwt.springjwt.SpringjwtserverApplicationTests" name="login" time="1.607"/>
  <system-out/>
  <testcase classname="com.jwt.springjwt.SpringjwtserverApplicationTests" name="InvalidLogin" time="0.250"/>
  <system-out/>
  <testcase classname="com.jwt.springjwt.SpringjwtserverApplicationTests" name="addProduct" time="0.336"/>
  <system-out/>
  <testcase classname="com.jwt.springjwt.SpringjwtserverApplicationTests" name="addingSameProductAgain" time="0.131"/>
  <system-out/>
  <testcase classname="com.jwt.springjwt.SpringjwtserverApplicationTests" name="updateProduct" time="0.136"/>
  <system-out/>
  <testcase classname="com.jwt.springjwt.SpringjwtserverApplicationTests" name="deleteProduct" time="0.193"/>
  <system-out/>
  <testcase classname="com.jwt.springjwt.SpringjwtserverApplicationTests" name="InvalidDeleteProduct" time="0.102"/>
  <system-out/>
  <testcase classname="com.jwt.springjwt.SpringjwtserverApplicationTests" name="addProduct1" time="0.102"/>
  <system-out/>
</testsuite> <!-- com.jwt.springjwt.SpringjwtserverApplicationTests -->
