<?xml version="1.0" encoding="UTF-8"?>
<!-- Generated by org.testng.reporters.JUnitReportReporter -->
<testsuite hostname="DESKTOP-ROILG6T" failures="0" tests="12" name="com.jwt.springjwt.UserTest" time="2.265" errors="0" timestamp="2023-09-13T12:18:36 IST" skipped="0">
  <testcase classname="com.jwt.springjwt.UserTest" name="register" time="0.229"/>
  <system-out/>
  <testcase classname="com.jwt.springjwt.UserTest" name="registerAgainWithSameid" time="0.220"/>
  <system-out/>
  <testcase classname="com.jwt.springjwt.UserTest" name="login" time="0.229"/>
  <system-out/>
  <testcase classname="com.jwt.springjwt.UserTest" name="InvalidLogin" time="0.221"/>
  <system-out/>
  <testcase classname="com.jwt.springjwt.UserTest" name="addToCart" time="0.184"/>
  <system-out/>
  <testcase classname="com.jwt.springjwt.UserTest" name="getProductById" time="0.215"/>
  <system-out/>
  <testcase classname="com.jwt.springjwt.UserTest" name="invalidGetProductById" time="0.086"/>
  <system-out/>
  <testcase classname="com.jwt.springjwt.UserTest" name="getProductsByCategory" time="0.257"/>
  <system-out/>
  <testcase classname="com.jwt.springjwt.UserTest" name="getAllFromCart" time="0.255"/>
  <system-out/>
  <testcase classname="com.jwt.springjwt.UserTest" name="removefromCart" time="0.189"/>
  <system-out/>
  <testcase classname="com.jwt.springjwt.UserTest" name="invalidRemovefromCart" time="0.073"/>
  <system-out/>
  <testcase classname="com.jwt.springjwt.UserTest" name="orderHistory" time="0.107"/>
  <system-out/>
</testsuite> <!-- com.jwt.springjwt.UserTest -->
